[17:14:34.878] [INFO] Storybook upgrade - v10.4.4
[17:14:34.880] [INFO] Detecting projects...
[17:14:34.880] [DEBUG] Finding Storybook projects...
[17:14:34.897] [DEBUG] Found 1 Storybook projects
[17:14:34.899] [INFO] Detecting projects: 1 projects
[17:14:34.899] [DEBUG] Getting Storybook data...
[17:14:34.899] [DEBUG] Getting Storybook info...
[17:14:34.902] [DEBUG] Loading main config...
[17:14:34.902] [DEBUG] Getting stories paths...
[17:14:34.909] [DEBUG] Getting package manager...
[17:14:35.093] [DEBUG] Getting package.json info for /Users/andrewrossi/Documents/ui-organized/apps/storybook/package.json...
[17:14:35.093] [DEBUG] Getting Storybook version...
[17:14:35.094] [DEBUG] Detecting CSF factory usage...
[17:14:35.103] [DEBUG] /apps/storybook/.storybook - Validating before version... 8.6.18
[17:14:35.103] [DEBUG] /apps/storybook/.storybook - Validating upgrade compatibility...
[17:14:35.103] [DEBUG] /apps/storybook/.storybook - Fetching NPM version information...
[17:14:35.103] [DEBUG] Getting CLI versions from NPM for storybook...
[17:14:35.103] [DEBUG] Executing command: pnpm info storybook version
[17:14:35.107] [DEBUG] Getting CLI versions from NPM for storybook@next...
[17:14:35.107] [DEBUG] Executing command: pnpm info storybook@next version
[17:14:35.597] [DEBUG] /apps/storybook/.storybook - Evaluating blockers...
[17:14:35.604] [DEBUG] Getting installed version for @storybook/experimental-addon-test...
[17:14:35.605] [DEBUG] Executing command: pnpm list "@storybook/experimental-addon-test" --json --depth=99
[17:14:35.846] [DEBUG] No installations found for @storybook/experimental-addon-test
[17:14:35.846] [INFO] 1 project detected
[17:14:35.847] [DEBUG] Found 1 valid projects and 0 error projects
[17:14:35.847] [INFO] Upgrading from [1m8.6.18[22m to [1m10.4.4[22m
[17:14:35.847] [DEBUG] Executing command: pnpm config get minimumReleaseAge
[17:14:36.048] [DEBUG] Updating dependencies in /apps/storybook/.storybook...
[17:14:36.048] [INFO] /apps/storybook/package.json
/package.json
[17:14:36.048] [DEBUG] Using cached package.json for /Users/andrewrossi/Documents/ui-organized/apps/storybook/package.json...
[17:14:36.048] [DEBUG] {
  "upgradedDependencies": []
}
[17:14:36.048] [DEBUG] {
  "upgradedDevDependencies": [
    "storybook@^10.4.4",
    "@storybook/addon-a11y@^10.4.4",
    "@storybook/addon-themes@^10.4.4",
    "@storybook/react@^10.4.4",
    "@storybook/react-vite@^10.4.4"
  ]
}
[17:14:36.048] [DEBUG] {
  "upgradedPeerDependencies": []
}
[17:14:36.048] [DEBUG] Getting package.json info for /Users/andrewrossi/Documents/ui-organized/apps/storybook/package.json...
[17:14:36.048] [DEBUG] Using cached package.json for /Users/andrewrossi/Documents/ui-organized/apps/storybook/package.json...
[17:14:36.048] [DEBUG] Using cached package.json for /Users/andrewrossi/Documents/ui-organized/apps/storybook/package.json...
[17:14:36.050] [DEBUG] Getting package.json info for /Users/andrewrossi/Documents/ui-organized/apps/storybook/package.json...
[17:14:36.050] [DEBUG] Using cached package.json for /Users/andrewrossi/Documents/ui-organized/apps/storybook/package.json...
[17:14:36.050] [DEBUG] Using cached version for storybook...
[17:14:36.050] [DEBUG] Getting CLI versions from NPM for @storybook/addon-a11y...
[17:14:36.050] [DEBUG] Executing command: pnpm info @storybook/addon-a11y version
[17:14:36.668] [DEBUG] Getting CLI versions from NPM for @storybook/addon-themes...
[17:14:36.668] [DEBUG] Executing command: pnpm info @storybook/addon-themes version
[17:14:37.156] [DEBUG] Getting CLI versions from NPM for @storybook/react...
[17:14:37.156] [DEBUG] Executing command: pnpm info @storybook/react version
[17:14:37.829] [DEBUG] Getting CLI versions from NPM for @storybook/react-vite...
[17:14:37.829] [DEBUG] Executing command: pnpm info @storybook/react-vite version
[17:14:38.341] [DEBUG] Using cached package.json for /Users/andrewrossi/Documents/ui-organized/apps/storybook/package.json...
[17:14:38.341] [DEBUG] Getting package.json info for /Users/andrewrossi/Documents/ui-organized/apps/storybook/package.json...
[17:14:38.341] [DEBUG] Using cached package.json for /Users/andrewrossi/Documents/ui-organized/apps/storybook/package.json...
[17:14:38.341] [DEBUG] Using cached package.json for /Users/andrewrossi/Documents/ui-organized/apps/storybook/package.json...
[17:14:38.341] [DEBUG] Using cached package.json for /Users/andrewrossi/Documents/ui-organized/package.json...
[17:14:38.341] [DEBUG] {
  "upgradedDependencies": []
}
[17:14:38.341] [DEBUG] {
  "upgradedDevDependencies": []
}
[17:14:38.341] [DEBUG] {
  "upgradedPeerDependencies": []
}
[17:14:38.341] [DEBUG] Getting package.json info for /Users/andrewrossi/Documents/ui-organized/package.json...
[17:14:38.341] [DEBUG] Using cached package.json for /Users/andrewrossi/Documents/ui-organized/package.json...
[17:14:38.341] [DEBUG] Using cached package.json for /Users/andrewrossi/Documents/ui-organized/package.json...
[17:14:38.341] [DEBUG] Getting package.json info for /Users/andrewrossi/Documents/ui-organized/package.json...
[17:14:38.341] [DEBUG] Using cached package.json for /Users/andrewrossi/Documents/ui-organized/package.json...
[17:14:38.341] [DEBUG] Using cached package.json for /Users/andrewrossi/Documents/ui-organized/package.json...
[17:14:38.341] [DEBUG] Getting package.json info for /Users/andrewrossi/Documents/ui-organized/package.json...
[17:14:38.341] [DEBUG] Using cached package.json for /Users/andrewrossi/Documents/ui-organized/package.json...
[17:14:38.341] [DEBUG] Using cached package.json for /Users/andrewrossi/Documents/ui-organized/package.json...
[17:14:38.342] [INFO] Updated package versions in package.json files
[17:14:38.342] [DEBUG] Starting automigration collection across 1 projects and 22 fixes...
[17:14:38.342] [INFO] Checking automigrations for /apps/storybook/.storybook...
[17:14:38.342] [DEBUG] Processing project: /apps/storybook/.storybook
[17:14:38.342] [DEBUG] Checking fix eslintPlugin for project /apps/storybook/.storybook...
[17:14:38.342] [DEBUG] Using cached package.json for /Users/andrewrossi/Documents/ui-organized/apps/storybook/package.json...
[17:14:38.342] [DEBUG] Using cached package.json for /Users/andrewrossi/Documents/ui-organized/package.json...
[17:14:38.342] [DEBUG] Using cached package.json for /Users/andrewrossi/Documents/ui-organized/apps/storybook/package.json...
[17:14:38.342] [WARN] Unable to find eslint config file, skipping
[17:14:38.342] [DEBUG] Checking fix addon-mdx-gfm-remove for project /apps/storybook/.storybook...
[17:14:38.342] [DEBUG] Using cached package.json for /Users/andrewrossi/Documents/ui-organized/apps/storybook/package.json...
[17:14:38.342] [DEBUG] Using cached package.json for /Users/andrewrossi/Documents/ui-organized/package.json...
[17:14:38.342] [DEBUG] Checking fix addon-storysource-code-panel for project /apps/storybook/.storybook...
[17:14:38.343] [DEBUG] Checking fix upgrade-storybook-related-dependencies for project /apps/storybook/.storybook...
[17:14:38.343] [DEBUG] Checking for incompatible storybook packages...
[17:14:38.343] [DEBUG] Using cached package.json for /Users/andrewrossi/Documents/ui-organized/apps/storybook/package.json...
[17:14:38.343] [DEBUG] Using cached package.json for /Users/andrewrossi/Documents/ui-organized/package.json...
[17:14:38.343] [DEBUG] Using cached package.json for /Users/andrewrossi/Documents/ui-organized/apps/storybook/package.json...
[17:14:38.343] [DEBUG] Using cached package.json for /Users/andrewrossi/Documents/ui-organized/package.json...
[17:14:38.343] [DEBUG] Getting installed version for @storybook/addon-essentials...
[17:14:38.343] [DEBUG] Executing command: pnpm list "@storybook/addon-essentials" --json --depth=99
[17:14:38.619] [DEBUG] Installed version for @storybook/addon-essentials: 8.6.14
[17:14:38.619] [DEBUG] Getting CLI versions from NPM for @storybook/addon-essentials...
[17:14:38.619] [DEBUG] Executing command: pnpm info @storybook/addon-essentials version
[17:14:39.168] [DEBUG] Checking fix initial-globals for project /apps/storybook/.storybook...
[17:14:39.170] [DEBUG] Checking fix addon-globals-api for project /apps/storybook/.storybook...
[17:14:39.172] [DEBUG] Checking fix addon-a11y-addon-test for project /apps/storybook/.storybook...
[17:14:39.172] [DEBUG] Checking fix consolidated-imports for project /apps/storybook/.storybook...
[17:14:39.172] [DEBUG] Checking fix addon-experimental-test for project /apps/storybook/.storybook...
[17:14:39.172] [DEBUG] Using cached installed version for @storybook/experimental-addon-test...
[17:14:39.173] [DEBUG] Checking fix rnstorybook-config for project /apps/storybook/.storybook...
[17:14:39.173] [DEBUG] Using cached package.json for /Users/andrewrossi/Documents/ui-organized/apps/storybook/package.json...
[17:14:39.173] [DEBUG] Using cached package.json for /Users/andrewrossi/Documents/ui-organized/package.json...
[17:14:39.173] [DEBUG] Checking fix rn-ondevice-addons-to-device-addons for project /apps/storybook/.storybook...
[17:14:39.173] [DEBUG] Using cached package.json for /Users/andrewrossi/Documents/ui-organized/apps/storybook/package.json...
[17:14:39.173] [DEBUG] Using cached package.json for /Users/andrewrossi/Documents/ui-organized/package.json...
[17:14:39.173] [DEBUG] Checking fix migrate-addon-console for project /apps/storybook/.storybook...
[17:14:39.173] [DEBUG] Using cached package.json for /Users/andrewrossi/Documents/ui-organized/apps/storybook/package.json...
[17:14:39.173] [DEBUG] Using cached package.json for /Users/andrewrossi/Documents/ui-organized/package.json...
[17:14:39.173] [DEBUG] Checking fix nextjs-to-nextjs-vite for project /apps/storybook/.storybook...
[17:14:39.173] [DEBUG] Using cached package.json for /Users/andrewrossi/Documents/ui-organized/apps/storybook/package.json...
[17:14:39.173] [DEBUG] Using cached package.json for /Users/andrewrossi/Documents/ui-organized/package.json...
[17:14:39.173] [DEBUG] Checking fix react-vite-to-tanstack-react for project /apps/storybook/.storybook...
[17:14:39.173] [DEBUG] Using cached package.json for /Users/andrewrossi/Documents/ui-organized/apps/storybook/package.json...
[17:14:39.173] [DEBUG] Using cached package.json for /Users/andrewrossi/Documents/ui-organized/package.json...
[17:14:39.173] [DEBUG] Checking fix remove-addon-interactions for project /apps/storybook/.storybook...
[17:14:39.173] [DEBUG] Using cached package.json for /Users/andrewrossi/Documents/ui-organized/apps/storybook/package.json...
[17:14:39.173] [DEBUG] Using cached package.json for /Users/andrewrossi/Documents/ui-organized/package.json...
[17:14:39.173] [DEBUG] Checking fix renderer-to-framework for project /apps/storybook/.storybook...
[17:14:39.173] [DEBUG] Checking fix remove-essential-addons for project /apps/storybook/.storybook...
[17:14:39.173] [DEBUG] Using cached package.json for /Users/andrewrossi/Documents/ui-organized/apps/storybook/package.json...
[17:14:39.173] [DEBUG] Using cached package.json for /Users/andrewrossi/Documents/ui-organized/package.json...
[17:14:39.173] [DEBUG] Checking fix addon-a11y-parameters for project /apps/storybook/.storybook...
[17:14:39.174] [DEBUG] Checking fix remove-docs-autodocs for project /apps/storybook/.storybook...
[17:14:39.175] [DEBUG] Checking fix wrap-getAbsolutePath for project /apps/storybook/.storybook...
[17:14:39.176] [DEBUG] Checking fix fix-faux-esm-require for project /apps/storybook/.storybook...
[17:14:39.177] [DEBUG] Checking fix storybookPackageNameConflict for project /apps/storybook/.storybook...
[17:14:39.177] [DEBUG] Using cached package.json for /Users/andrewrossi/Documents/ui-organized/apps/storybook/package.json...
[17:14:39.177] [INFO] 
Automigrations detected:
[17:14:39.177] [INFO] [32m[32m✔[32m addon-globals-api[39m
[17:14:39.178] [INFO] [32m[32m✔[32m renderer-to-framework[39m
[17:14:39.178] [INFO] [32m[32m✔[32m remove-essential-addons[39m
[17:14:39.178] [INFO] [32m[32m✔[32m remove-docs-autodocs[39m
[17:14:39.178] [INFO] [32m[32m✔[32m wrap-getAbsolutePath[39m
[17:14:39.178] [INFO] 5 automigration(s) detected
[17:14:39.178] [INFO] Running all detected automigrations:
[17:14:39.178] [INFO]   - addon-globals-api (/apps/storybook/.storybook)
[17:14:39.178] [INFO]   - renderer-to-framework (/apps/storybook/.storybook)
[17:14:39.178] [INFO]   - remove-essential-addons (/apps/storybook/.storybook)
[17:14:39.178] [INFO]   - remove-docs-autodocs (/apps/storybook/.storybook)
[17:14:39.178] [INFO]   - wrap-getAbsolutePath (/apps/storybook/.storybook)
[17:14:39.223] [INFO] [32m[32m✔[32m addon-globals-api[39m
[17:14:39.223] [DEBUG] 
Migrating @storybook/react to @storybook/react-vite
[17:14:39.227] [DEBUG] Updating package.json files...
[17:14:39.227] [INFO] [32m[32m✔[32m renderer-to-framework[39m
[17:14:39.228] [DEBUG] Uninstalling @storybook/addon-essentials
[17:14:39.228] [DEBUG] Using cached package.json for /Users/andrewrossi/Documents/ui-organized/apps/storybook/package.json...
[17:14:39.228] [DEBUG] Using cached package.json for /Users/andrewrossi/Documents/ui-organized/apps/storybook/package.json...
[17:14:39.228] [DEBUG] Removing '@storybook/addon-essentials' from main.js addons field.
[17:14:39.230] [DEBUG] Getting Storybook info...
[17:14:39.232] [DEBUG] Loading main config...
[17:14:39.232] [DEBUG] Getting stories paths...
[17:14:39.232] [DEBUG] Getting package manager...
[17:14:39.235] [DEBUG] Getting package.json info for /Users/andrewrossi/Documents/ui-organized/apps/storybook/package.json...
[17:14:39.235] [DEBUG] Getting Storybook version...
[17:14:39.235] [DEBUG] Detecting CSF factory usage...
[17:14:39.236] [INFO] Verifying @storybook/addon-docs
[17:14:39.236] [DEBUG] Getting dependency version for storybook...
[17:14:39.236] [DEBUG] Using cached package.json for /Users/andrewrossi/Documents/ui-organized/apps/storybook/package.json...
[17:14:39.236] [DEBUG] Using cached package.json for /Users/andrewrossi/Documents/ui-organized/package.json...
[17:14:39.236] [INFO] Installing @storybook/addon-docs@^10.4.4
[17:14:39.236] [DEBUG] Using cached package.json for /Users/andrewrossi/Documents/ui-organized/apps/storybook/package.json...
[17:14:39.236] [DEBUG] Getting CLI versions from NPM for @storybook/addon-docs...
[17:14:39.236] [DEBUG] Executing command: pnpm info @storybook/addon-docs version
[17:14:39.940] [DEBUG] Using cached package.json for /Users/andrewrossi/Documents/ui-organized/apps/storybook/package.json...
[17:14:39.940] [INFO] Adding '@storybook/addon-docs' to the "addons" field in /Users/andrewrossi/Documents/ui-organized/apps/storybook/.storybook/main.ts
[17:14:39.985] [INFO] [32m[32m✔[32m remove-essential-addons[39m
[17:14:39.987] [INFO] [32m[32m✔[32m remove-docs-autodocs[39m
[17:14:39.989] [INFO] [32m[32m✔[32m wrap-getAbsolutePath[39m
[17:14:39.989] [INFO] Completed automigrations for /apps/storybook/.storybook
[17:14:39.989] [INFO] Installing dependencies...
[17:14:39.989] [INFO] Installing dependencies...
[17:14:39.989] [DEBUG] Executing command: pnpm install
[17:14:40.252] [INFO] Installing dependencies...: Scope: all 11 workspace projects

[17:14:40.252] [INFO] Installing dependencies...: Scope: all 11 workspace p
[17:14:40.292] [INFO] Installing dependencies...:  ERR_PNPM_OUTDATED_LOCKFILE  Cannot install with "frozen-lockfile" because pnpm-lock.yaml is not up to date with apps/storybook/package.json

Note that in CI environments this setting is true by default. If you still need to run install in such cases, use "pnpm install --no-frozen-lockfile"

    Failure reason:
    specifiers in the lockfile ({"@ds/react":"workspace:*","@ds/tokens":"workspace:*","lucide-react":"^0.400.0","react":"^18.0.0","react-dom":"^18.0.0","@storybook/addon-a11y":"^8.6.0","@storybook/addon-essentials":"^8.6.0","@storybook/addon-themes":"^8.6.0","@storybook/react":"^8.6.0","@storybook/react-vite":"^8.6.0","@types/react":"^18.0.0","@types/react-dom":"^18.0.0","storybook":"^8.6.0","typescript":"^5.4.0","vite":"^5.0.0"}) don't match specs in package.json ({"storybook":"^10.4.4","@storybook/addon-a11y":"^10.4.4","@storybook/addon-themes":"^10.4.4","@storybook/react":"^10.4.4","@storybook/react-vite":"^10.4.4","@types/react":"^18.0.0","@types/react-dom":"^18.0.0","typescript":"^5.4.0","vite":"^5.0.0","@storybook/addon-docs":"^10.4.4","@ds/react":"workspace:*","@ds/tokens":"workspace:*","lucide-react":"^0.400.0","react":"^18.0.0","react-dom":"^18.0.0"})

[17:14:40.292] [INFO] Installing dependencies...: ERR_PNPM_OUTDATED_LOCKFIL
[17:14:40.325] [ERROR] Installation of dependencies failed! {"error":"ExecaError: Command failed with exit code 1: pnpm install\n\nScope: all 11 workspace projects\n\\u2009ERR_PNPM_OUTDATED_LOCKFILE\\u2009 Cannot install with \"frozen-lockfile\" because pnpm-lock.yaml is not up to date with apps/storybook/package.json\n\nNote that in CI environments this setting is true by default. If you still need to run install in such cases, use \"pnpm install --no-frozen-lockfile\"\n\n    Failure reason:\n    specifiers in the lockfile ({\"@ds/react\":\"workspace:*\",\"@ds/tokens\":\"workspace:*\",\"lucide-react\":\"^0.400.0\",\"react\":\"^18.0.0\",\"react-dom\":\"^18.0.0\",\"@storybook/addon-a11y\":\"^8.6.0\",\"@storybook/addon-essentials\":\"^8.6.0\",\"@storybook/addon-themes\":\"^8.6.0\",\"@storybook/react\":\"^8.6.0\",\"@storybook/react-vite\":\"^8.6.0\",\"@types/react\":\"^18.0.0\",\"@types/react-dom\":\"^18.0.0\",\"storybook\":\"^8.6.0\",\"typescript\":\"^5.4.0\",\"vite\":\"^5.0.0\"}) don't match specs in package.json ({\"storybook\":\"^10.4.4\",\"@storybook/addon-a11y\":\"^10.4.4\",\"@storybook/addon-themes\":\"^10.4.4\",\"@storybook/react\":\"^10.4.4\",\"@storybook/react-vite\":\"^10.4.4\",\"@types/react\":\"^18.0.0\",\"@types/react-dom\":\"^18.0.0\",\"typescript\":\"^5.4.0\",\"vite\":\"^5.0.0\",\"@storybook/addon-docs\":\"^10.4.4\",\"@ds/react\":\"workspace:*\",\"@ds/tokens\":\"workspace:*\",\"lucide-react\":\"^0.400.0\",\"react\":\"^18.0.0\",\"react-dom\":\"^18.0.0\"})\n    at getFinalError (file:///Users/andrewrossi/.npm/_npx/43f535109fdedec3/node_modules/storybook/dist/_node-chunks/chunk-3FBJJ3J7.js:11550:10)\n    at makeError (file:///Users/andrewrossi/.npm/_npx/43f535109fdedec3/node_modules/storybook/dist/_node-chunks/chunk-3FBJJ3J7.js:13086:15)\n    at getAsyncResult (file:///Users/andrewrossi/.npm/_npx/43f535109fdedec3/node_modules/storybook/dist/_node-chunks/chunk-3FBJJ3J7.js:15732:158)\n    at handlePromise (file:///Users/andrewrossi/.npm/_npx/43f535109fdedec3/node_modules/storybook/dist/_node-chunks/chunk-3FBJJ3J7.js:15718:162)\n    at async Object.executeTaskWithSpinner (file:///Users/andrewrossi/.npm/_npx/43f535109fdedec3/node_modules/storybook/dist/_node-chunks/chunk-3X73JSWN.js:3683:11)\n    at async PNPMProxy.installDependencies (file:///Users/andrewrossi/.npm/_npx/43f535109fdedec3/node_modules/storybook/dist/_node-chunks/chunk-3FBJJ3J7.js:9700:5)\n    at async PNPMProxy.installDependencies (file:///Users/andrewrossi/.npm/_npx/43f535109fdedec3/node_modules/storybook/dist/_node-chunks/chunk-3FBJJ3J7.js:16737:7)\n    at async upgrade (file:///Users/andrewrossi/.npm/_npx/43f535109fdedec3/node_modules/@storybook/cli/dist/_node-chunks/run-BMVOW3UH.js:10432:103)\n    at async file:///Users/andrewrossi/.npm/_npx/43f535109fdedec3/node_modules/@storybook/cli/dist/_node-chunks/run-BMVOW3UH.js:10565:70\n    at async withTelemetry (file:///Users/andrewrossi/.npm/_npx/43f535109fdedec3/node_modules/storybook/dist/_node-chunks/chunk-TQLYOGGH.js:655:12)"}
[17:14:40.325] [ERROR] [31mInstallation of dependencies failed![39m
[17:14:40.325] [ERROR] [38;2;241;97;97mExecaError: Command failed with exit code 1: pnpm install

Scope: all 11 workspace projects
\u2009ERR_PNPM_OUTDATED_LOCKFILE\u2009 Cannot install with "frozen-lockfile" because pnpm-lock.yaml is not up to date with apps/storybook/package.json

Note that in CI environments this setting is true by default. If you still need to run install in such cases, use "pnpm install --no-frozen-lockfile"

    Failure reason:
    specifiers in the lockfile ({"@ds/react":"workspace:*","@ds/tokens":"workspace:*","lucide-react":"^0.400.0","react":"^18.0.0","react-dom":"^18.0.0","@storybook/addon-a11y":"^8.6.0","@storybook/addon-essentials":"^8.6.0","@storybook/addon-themes":"^8.6.0","@storybook/react":"^8.6.0","@storybook/react-vite":"^8.6.0","@types/react":"^18.0.0","@types/react-dom":"^18.0.0","storybook":"^8.6.0","typescript":"^5.4.0","vite":"^5.0.0"}) don't match specs in package.json ({"storybook":"^10.4.4","@storybook/addon-a11y":"^10.4.4","@storybook/addon-themes":"^10.4.4","@storybook/react":"^10.4.4","@storybook/react-vite":"^10.4.4","@types/react":"^18.0.0","@types/react-dom":"^18.0.0","typescript":"^5.4.0","vite":"^5.0.0","@storybook/addon-docs":"^10.4.4","@ds/react":"workspace:*","@ds/tokens":"workspace:*","lucide-react":"^0.400.0","react":"^18.0.0","react-dom":"^18.0.0"})[39m
    at getFinalError (file:///Users/andrewrossi/.npm/_npx/43f535109fdedec3/node_modules/storybook/dist/_node-chunks/chunk-3FBJJ3J7.js:11550:10)
    at makeError (file:///Users/andrewrossi/.npm/_npx/43f535109fdedec3/node_modules/storybook/dist/_node-chunks/chunk-3FBJJ3J7.js:13086:15)
    at getAsyncResult (file:///Users/andrewrossi/.npm/_npx/43f535109fdedec3/node_modules/storybook/dist/_node-chunks/chunk-3FBJJ3J7.js:15732:158)
    at handlePromise (file:///Users/andrewrossi/.npm/_npx/43f535109fdedec3/node_modules/storybook/dist/_node-chunks/chunk-3FBJJ3J7.js:15718:162)
    at async Object.executeTaskWithSpinner (file:///Users/andrewrossi/.npm/_npx/43f535109fdedec3/node_modules/storybook/dist/_node-chunks/chunk-3X73JSWN.js:3683:11)
    at async PNPMProxy.installDependencies (file:///Users/andrewrossi/.npm/_npx/43f535109fdedec3/node_modules/storybook/dist/_node-chunks/chunk-3FBJJ3J7.js:9700:5)
    at async PNPMProxy.installDependencies (file:///Users/andrewrossi/.npm/_npx/43f535109fdedec3/node_modules/storybook/dist/_node-chunks/chunk-3FBJJ3J7.js:16737:7)
    at async upgrade (file:///Users/andrewrossi/.npm/_npx/43f535109fdedec3/node_modules/@storybook/cli/dist/_node-chunks/run-BMVOW3UH.js:10432:103)
    at async file:///Users/andrewrossi/.npm/_npx/43f535109fdedec3/node_modules/@storybook/cli/dist/_node-chunks/run-BMVOW3UH.js:10565:70
    at async withTelemetry (file:///Users/andrewrossi/.npm/_npx/43f535109fdedec3/node_modules/storybook/dist/_node-chunks/chunk-TQLYOGGH.js:655:12)
[17:14:40.327] [INFO] Storybook collects completely anonymous usage telemetry. We use it to shape Storybook's roadmap and prioritize features. You can learn more, including how to opt out, at https://storybook.js.org/telemetry
[17:14:41.539] [ERROR] ExecaError: Command failed with exit code 1: pnpm install

Scope: all 11 workspace projects
\u2009ERR_PNPM_OUTDATED_LOCKFILE\u2009 Cannot install with "frozen-lockfile" because pnpm-lock.yaml is not up to date with apps/storybook/package.json

Note that in CI environments this setting is true by default. If you still need to run install in such cases, use "pnpm install --no-frozen-lockfile"

    Failure reason:
    specifiers in the lockfile ({"@ds/react":"workspace:*","@ds/tokens":"workspace:*","lucide-react":"^0.400.0","react":"^18.0.0","react-dom":"^18.0.0","@storybook/addon-a11y":"^8.6.0","@storybook/addon-essentials":"^8.6.0","@storybook/addon-themes":"^8.6.0","@storybook/react":"^8.6.0","@storybook/react-vite":"^8.6.0","@types/react":"^18.0.0","@types/react-dom":"^18.0.0","storybook":"^8.6.0","typescript":"^5.4.0","vite":"^5.0.0"}) don't match specs in package.json ({"storybook":"^10.4.4","@storybook/addon-a11y":"^10.4.4","@storybook/addon-themes":"^10.4.4","@storybook/react":"^10.4.4","@storybook/react-vite":"^10.4.4","@types/react":"^18.0.0","@types/react-dom":"^18.0.0","typescript":"^5.4.0","vite":"^5.0.0","@storybook/addon-docs":"^10.4.4","@ds/react":"workspace:*","@ds/tokens":"workspace:*","lucide-react":"^0.400.0","react":"^18.0.0","react-dom":"^18.0.0"})